<?xml version="1.0" encoding="UTF-8"?>
<testng-results ignored="0" total="1" passed="1" failed="0" skipped="0">
  <reporter-output>
  </reporter-output>
  <suite started-at="2026-01-16T02:00:30 IST" name="Suite" finished-at="2026-01-16T02:00:43 IST" duration-ms="13118">
    <groups>
    </groups>
    <test started-at="2026-01-16T02:00:30 IST" name="Test" finished-at="2026-01-16T02:00:43 IST" duration-ms="13118">
      <class name="com.ots.testcases.LoginTest">
        <test-method is-config="true" signature="setup()[pri:0, instance:com.ots.testcases.LoginTest@4fbe37eb]" started-at="2026-01-16T02:00:30 IST" name="setup" finished-at="2026-01-16T02:00:34 IST" duration-ms="4752" status="PASS">
          <reporter-output>
          </reporter-output>
        </test-method> <!-- setup -->
        <test-method signature="validLogin(java.lang.String,java.lang.String)[pri:0, instance:com.ots.testcases.LoginTest@4fbe37eb]" started-at="2026-01-16T02:00:37 IST" name="validLogin" description="This test will check valid user login functionality" data-provider="logindata" finished-at="2026-01-16T02:00:42 IST" duration-ms="5155" status="PASS">
          <params>
            <param index="0">
              <value>
                <![CDATA[admin@email.com]]>
              </value>
            </param>
            <param index="1">
              <value>
                <![CDATA[admin@123]]>
              </value>
            </param>
          </params>
          <reporter-output>
          </reporter-output>
        </test-method> <!-- validLogin -->
        <test-method is-config="true" signature="tearDown()[pri:0, instance:com.ots.testcases.LoginTest@4fbe37eb]" started-at="2026-01-16T02:00:42 IST" name="tearDown" finished-at="2026-01-16T02:00:43 IST" duration-ms="272" status="PASS">
          <reporter-output>
          </reporter-output>
        </test-method> <!-- tearDown -->
      </class> <!-- com.ots.testcases.LoginTest -->
    </test> <!-- Test -->
  </suite> <!-- Suite -->
</testng-results>
